<?xml version="1.0" encoding="UTF-8"?>
<testsuite name="tests.TxtTestFile" tests="1" skipped="0" failures="0" errors="0" timestamp="2021-07-23T18:35:05" hostname="WIN-EKBEAAT4G2L" time="0.05">
  <properties/>
  <testcase name="txtTest()" classname="tests.TxtTestFile" time="0.05"/>
  <system-out><![CDATA[]]></system-out>
  <system-err><![CDATA[]]></system-err>
</testsuite>
